SF:lib\modules\exchange\model\exchange_arguments.dart
DA:7,7
LF:1
LH:1
end_of_record
SF:lib\modules\wallet\model\crypto_data_view_data.dart
DA:12,23
DA:21,0
DA:23,0
DA:26,1
DA:27,1
DA:29,3
DA:30,3
DA:31,3
DA:32,3
DA:33,3
DA:34,1
DA:35,2
DA:40,1
DA:41,1
DA:42,1
DA:43,1
DA:44,1
DA:45,1
DA:46,2
DA:48,2
DA:52,3
DA:54,1
DA:55,2
LF:23
LH:21
end_of_record
SF:lib\modules\wallet\repositories\crypto_data_repository.dart
DA:7,2
DA:11,2
DA:12,4
DA:13,2
DA:14,8
LF:5
LH:5
end_of_record
SF:lib\shared\api\crypto_base_endpoint.dart
DA:6,3
DA:8,1
DA:9,2
DA:13,3
DA:14,3
DA:15,6
LF:6
LH:6
end_of_record
SF:lib\shared\api\model\crypto_data_response.dart
DA:15,7
DA:24,2
DA:25,2
DA:27,2
LF:4
LH:4
end_of_record
SF:lib\shared\api\model\crypto_data_response.g.dart
DA:9,2
DA:10,2
DA:11,2
DA:12,2
DA:13,2
DA:14,2
DA:15,4
DA:17,4
DA:20,1
DA:21,1
DA:22,1
DA:23,1
DA:24,1
DA:25,1
DA:26,1
DA:28,1
LF:16
LH:16
end_of_record
SF:lib\modules\details\repositories\market_chart_repository.dart
DA:7,4
DA:9,4
DA:10,8
DA:11,4
LF:4
LH:4
end_of_record
SF:lib\shared\api\model\market_data_response.dart
DA:9,3
DA:11,2
DA:12,2
DA:14,2
DA:16,0
DA:17,0
LF:6
LH:4
end_of_record
SF:lib\shared\api\model\market_data_response.g.dart
DA:9,2
DA:10,2
DA:11,2
DA:12,10
DA:13,2
DA:16,1
DA:17,1
DA:18,1
LF:8
LH:8
end_of_record
SF:lib\modules\wallet\useCases\get_cryptos_data_useCase.dart
DA:12,1
DA:14,1
DA:15,2
DA:16,1
DA:19,1
DA:20,2
DA:21,1
DA:22,2
DA:23,2
DA:24,1
DA:25,3
LF:11
LH:11
end_of_record
SF:lib\modules\wallet\mapper\crypto_data_mapper.dart
DA:6,1
DA:7,1
DA:8,2
DA:9,1
DA:10,1
DA:11,1
DA:12,1
DA:14,1
DA:15,1
DA:16,1
DA:18,1
LF:11
LH:11
end_of_record
SF:lib\modules\wallet\model\crypto_list_view_data.dart
DA:6,8
LF:1
LH:1
end_of_record
SF:lib\modules\wallet\model\user_wallet_model.dart
DA:7,7
DA:12,0
DA:14,0
DA:16,1
DA:17,1
DA:19,3
DA:20,3
DA:25,1
DA:26,1
DA:27,1
DA:28,2
DA:32,3
DA:34,3
LF:13
LH:11
end_of_record
SF:lib\modules\details\useCase\get_crypto_market_chart_useCase.dart
DA:9,3
DA:11,3
DA:12,6
DA:14,1
LF:4
LH:4
end_of_record
SF:lib\modules\details\mapper\market_chart_mapper.dart
DA:5,1
DA:6,1
DA:7,1
LF:3
LH:3
end_of_record
SF:lib\modules\details\model\market_chart_view_data.dart
DA:5,6
LF:1
LH:1
end_of_record
SF:lib\modules\details\model\crypto_data_arguments.dart
DA:7,7
LF:1
LH:1
end_of_record
SF:lib\modules\review\model\review_arguments.dart
DA:8,4
LF:1
LH:1
end_of_record
SF:lib\modules\transactions\model\transactions_model.dart
DA:8,3
LF:1
LH:1
end_of_record
SF:lib\l10n\app_localizations.dart
DA:64,90
DA:68,23
DA:69,23
DA:262,32
DA:264,30
DA:266,60
DA:269,30
DA:270,90
DA:272,0
DA:276,30
DA:280,30
DA:281,60
DA:282,2
DA:283,2
DA:286,0
LF:15
LH:13
end_of_record
SF:lib\modules\details\controllers\providers.dart
DA:7,12
DA:8,4
DA:10,12
DA:11,4
DA:14,8
DA:15,2
DA:16,4
DA:20,4
DA:21,4
DA:22,2
DA:23,6
LF:11
LH:11
end_of_record
SF:lib\modules\details\repositories\market_chart_repository_provider.dart
DA:5,6
DA:6,2
DA:7,2
DA:8,4
LF:4
LH:4
end_of_record
SF:lib\modules\exchange\controllers\provider.dart
DA:5,15
DA:6,5
DA:9,21
DA:10,14
DA:20,90
DA:21,0
LF:6
LH:5
end_of_record
SF:lib\modules\wallet\controllers\providers.dart
DA:8,18
DA:9,6
DA:11,16
DA:12,12
DA:14,90
DA:15,0
DA:16,0
DA:20,21
DA:21,7
DA:22,21
LF:10
LH:8
end_of_record
SF:lib\shared\routes\routes.dart
DA:14,7
DA:15,14
DA:16,2
DA:17,2
DA:21,10
DA:22,1
DA:23,1
DA:27,8
DA:28,1
DA:29,1
DA:30,1
DA:32,6
DA:33,1
DA:34,1
DA:35,1
DA:37,4
DA:38,1
DA:39,1
DA:40,1
DA:42,2
DA:43,1
DA:44,1
LF:22
LH:22
end_of_record
SF:lib\modules\details\widgets\crypto_information.dart
DA:14,3
DA:18,3
DA:22,3
DA:24,6
DA:25,12
DA:26,12
DA:27,9
DA:29,3
DA:31,15
DA:32,9
DA:36,3
DA:42,3
DA:43,3
DA:44,3
DA:45,6
DA:46,9
DA:48,3
DA:49,6
DA:50,3
DA:52,3
DA:53,6
DA:55,12
DA:57,3
DA:58,6
DA:60,18
LF:25
LH:25
end_of_record
SF:lib\modules\details\widgets\details_body.dart
DA:16,2
DA:21,2
DA:23,2
DA:24,2
DA:25,4
DA:26,4
DA:27,2
DA:29,2
DA:30,2
LF:9
LH:9
end_of_record
SF:lib\modules\details\widgets\details_line_chart.dart
DA:12,3
DA:18,3
DA:20,6
DA:21,12
DA:22,9
DA:23,3
DA:25,3
DA:26,3
DA:27,9
DA:35,3
DA:40,3
DA:41,3
DA:42,3
DA:46,3
DA:48,1
DA:49,1
DA:58,3
DA:61,3
DA:62,3
DA:63,3
DA:67,3
DA:68,3
DA:70,3
DA:74,6
DA:75,3
DA:76,15
DA:78,3
LF:27
LH:27
end_of_record
SF:lib\modules\details\widgets\line_chart_list_view_buttons.dart
DA:8,3
DA:11,3
DA:13,3
DA:15,3
DA:18,3
DA:20,3
DA:21,3
DA:22,3
DA:23,3
DA:24,3
DA:25,3
LF:11
LH:11
end_of_record
SF:lib\l10n\app_localizations_en.dart
DA:5,60
DA:7,6
DA:10,6
DA:13,3
DA:16,3
DA:19,4
DA:22,4
DA:25,4
DA:28,4
DA:31,1
DA:34,5
DA:37,4
DA:40,1
DA:43,4
DA:46,3
DA:49,4
DA:52,8
DA:55,5
DA:58,5
DA:61,6
DA:64,5
DA:67,5
DA:70,3
DA:73,3
DA:76,3
DA:79,3
DA:82,2
DA:85,2
LF:28
LH:28
end_of_record
SF:lib\l10n\app_localizations_es.dart
DA:5,4
DA:7,1
DA:10,1
DA:13,1
DA:16,1
DA:19,1
DA:22,1
DA:25,1
DA:28,1
DA:31,1
DA:34,1
DA:37,1
DA:40,1
DA:43,1
DA:46,1
DA:49,1
DA:52,1
DA:55,1
DA:58,2
DA:61,1
DA:64,1
DA:67,1
DA:70,1
DA:73,1
DA:76,1
DA:79,1
DA:82,1
DA:85,1
LF:28
LH:28
end_of_record
SF:lib\l10n\app_localizations_pt.dart
DA:5,2
DA:7,1
DA:10,1
DA:13,1
DA:16,1
DA:19,1
DA:22,1
DA:25,1
DA:28,1
DA:31,1
DA:34,1
DA:37,1
DA:40,1
DA:43,1
DA:46,1
DA:49,1
DA:52,1
DA:55,1
DA:58,1
DA:61,1
DA:64,1
DA:67,1
DA:70,1
DA:73,1
DA:76,1
DA:79,1
DA:82,1
DA:85,1
LF:28
LH:28
end_of_record
SF:lib\shared\api\crypto_base_endpoint_provider.dart
DA:6,6
DA:7,2
DA:8,4
DA:11,2
LF:4
LH:4
end_of_record
SF:lib\modules\details\views\details_page.dart
DA:13,2
DA:16,2
DA:19,2
DA:21,6
DA:22,6
DA:23,2
DA:24,2
DA:25,4
DA:26,0
DA:27,0
DA:28,0
DA:29,0
DA:33,2
DA:34,0
DA:35,0
DA:36,0
DA:40,2
DA:41,2
DA:44,2
LF:19
LH:12
end_of_record
SF:lib\shared\widgets\default_appbar.dart
DA:10,7
DA:15,7
DA:17,7
DA:19,7
DA:22,7
DA:23,7
DA:26,7
DA:27,7
DA:28,7
DA:29,7
DA:37,6
LF:11
LH:11
end_of_record
SF:lib\shared\widgets\default_error_widget.dart
DA:5,129
DA:7,3
DA:9,3
DA:10,3
LF:4
LH:4
end_of_record
SF:lib\shared\widgets\default_loading_spinner.dart
DA:7,129
DA:11,10
LF:2
LH:2
end_of_record
SF:lib\modules\details\views\details_screen.dart
DA:13,1
DA:18,1
DA:20,1
DA:22,1
DA:23,1
DA:24,2
DA:25,3
DA:26,2
LF:8
LH:8
end_of_record
SF:lib\modules\details\widgets\convert_crypto_button.dart
DA:10,2
DA:13,2
DA:15,2
DA:17,2
DA:20,2
DA:22,1
DA:23,1
DA:26,1
DA:27,2
DA:28,2
DA:29,2
DA:34,2
DA:35,2
DA:39,2
DA:40,4
LF:15
LH:15
end_of_record
SF:lib\modules\details\widgets\details_header.dart
DA:9,2
DA:12,2
DA:14,2
DA:16,2
DA:18,2
DA:19,2
DA:21,2
DA:22,2
DA:23,2
DA:24,6
DA:33,2
DA:37,8
DA:41,2
DA:42,8
LF:14
LH:14
end_of_record
SF:lib\modules\exchange\views\exchange_page.dart
DA:11,2
DA:14,2
DA:16,2
DA:18,2
DA:19,2
DA:20,2
DA:22,2
DA:23,2
DA:25,2
DA:26,4
DA:27,4
LF:11
LH:11
end_of_record
SF:lib\modules\details\widgets\crypto_infomation_row.dart
DA:6,4
DA:10,4
DA:15,4
DA:17,4
DA:18,4
DA:24,4
DA:27,4
DA:28,4
DA:29,4
DA:30,4
DA:33,4
DA:34,4
DA:35,4
LF:13
LH:13
end_of_record
SF:lib\modules\details\widgets\crypto_information_variation_row.dart
DA:7,3
DA:11,3
DA:16,3
DA:18,3
DA:19,3
DA:24,3
DA:27,3
DA:28,6
DA:29,3
DA:30,9
DA:31,3
DA:34,6
LF:12
LH:12
end_of_record
SF:lib\modules\details\widgets\line_chart_button_widget.dart
DA:9,4
DA:13,4
DA:15,8
DA:16,4
DA:23,4
DA:27,8
DA:30,0
DA:31,0
DA:32,0
DA:34,4
DA:35,8
LF:11
LH:8
end_of_record
SF:lib\modules\exchange\controllers\regex_controller.dart
DA:4,2
DA:5,6
LF:2
LH:2
end_of_record
SF:lib\modules\exchange\widgets\bottom_sheet_widget.dart
DA:14,3
DA:18,3
DA:20,3
DA:23,6
DA:24,6
DA:25,6
DA:27,6
DA:28,3
DA:42,3
DA:44,3
DA:45,3
DA:48,3
DA:49,3
DA:50,6
DA:56,3
DA:57,3
DA:58,3
DA:59,1
DA:64,3
DA:73,1
DA:75,1
DA:78,1
DA:80,3
DA:81,1
LF:24
LH:24
end_of_record
SF:lib\modules\exchange\widgets\exchange_body.dart
DA:16,3
DA:20,3
DA:22,9
DA:23,6
DA:24,3
DA:25,3
DA:26,3
DA:27,12
DA:28,3
DA:29,9
DA:30,3
DA:33,3
DA:35,3
DA:36,3
DA:38,6
DA:44,3
DA:47,3
DA:49,3
DA:50,3
DA:57,0
DA:58,0
DA:61,3
LF:22
LH:20
end_of_record
SF:lib\modules\exchange\widgets\exchange_custom_app_bar.dart
DA:13,3
DA:16,3
DA:20,3
DA:22,3
DA:26,3
DA:27,6
DA:30,3
DA:31,1
DA:32,4
DA:33,4
DA:34,1
DA:42,2
DA:51,3
DA:52,3
DA:57,2
LF:15
LH:15
end_of_record
SF:lib\modules\review\views\review_page.dart
DA:10,2
DA:13,2
DA:17,2
DA:19,2
DA:20,2
DA:22,4
DA:23,0
DA:24,0
DA:28,2
DA:29,2
LF:10
LH:8
end_of_record
SF:lib\modules\exchange\widgets\dropdown_buttons.dart
DA:12,4
DA:17,4
DA:19,4
DA:20,4
DA:24,4
DA:27,10
DA:28,6
DA:29,6
DA:30,3
DA:32,3
DA:33,3
DA:34,3
DA:40,3
DA:41,6
DA:46,4
DA:50,4
DA:52,20
DA:53,16
DA:54,4
DA:56,4
DA:57,4
DA:60,4
DA:61,4
DA:64,4
DA:65,4
DA:66,4
DA:74,4
DA:79,0
DA:87,4
DA:89,8
DA:90,12
DA:92,0
DA:93,0
DA:94,0
DA:95,0
DA:96,0
DA:97,0
LF:37
LH:30
end_of_record
SF:lib\modules\exchange\widgets\exchange_form_field_widget.dart
DA:17,4
DA:21,4
DA:23,4
DA:25,4
DA:34,4
DA:36,8
DA:37,1
DA:38,5
DA:39,5
DA:40,1
DA:43,4
DA:44,8
DA:47,12
DA:48,8
DA:49,12
DA:50,12
DA:52,4
DA:54,4
DA:55,4
DA:60,0
DA:61,0
DA:62,0
DA:63,0
DA:66,1
DA:67,1
DA:68,1
DA:69,1
DA:70,3
DA:72,2
DA:73,1
DA:74,0
DA:76,2
DA:77,0
DA:80,2
DA:83,4
DA:84,4
DA:85,4
DA:88,4
DA:89,4
DA:90,4
DA:105,4
DA:107,4
DA:108,12
DA:109,4
DA:110,4
DA:113,4
LF:46
LH:40
end_of_record
SF:lib\modules\exchange\widgets\user_balance.dart
DA:10,3
DA:13,3
DA:15,3
DA:18,9
DA:19,12
DA:20,3
DA:22,3
DA:34,3
DA:36,3
DA:37,3
DA:39,3
DA:40,6
DA:44,3
DA:45,3
DA:46,3
DA:56,3
LF:16
LH:16
end_of_record
SF:lib\modules\review\widgets\body_review_page.dart
DA:9,3
DA:14,3
DA:16,3
DA:18,3
DA:20,3
DA:21,3
DA:23,3
DA:24,6
DA:28,3
DA:30,3
DA:31,3
LF:11
LH:11
end_of_record
SF:lib\modules\review\widgets\review_information.dart
DA:10,4
DA:13,4
DA:15,4
DA:17,4
DA:19,16
DA:20,12
DA:22,16
DA:24,16
DA:27,16
DA:29,16
DA:31,8
DA:33,36
DA:34,4
DA:35,8
DA:36,8
DA:37,8
DA:40,4
DA:41,4
DA:46,4
DA:47,4
DA:51,4
DA:52,4
DA:53,4
DA:55,4
DA:56,4
DA:57,4
DA:59,8
DA:63,4
DA:64,4
DA:66,12
DA:75,4
DA:76,4
DA:84,4
LF:33
LH:33
end_of_record
SF:lib\modules\review\widgets\review_information_button.dart
DA:17,5
DA:23,5
DA:25,5
DA:27,5
DA:36,5
DA:38,10
DA:39,10
DA:40,5
DA:43,0
DA:45,5
DA:47,5
DA:50,5
DA:52,1
DA:53,3
DA:54,1
DA:57,3
DA:58,1
DA:61,3
DA:62,2
DA:63,6
DA:64,1
DA:66,2
DA:67,2
DA:69,2
DA:70,1
DA:71,2
DA:74,1
DA:79,0
DA:80,0
DA:83,5
DA:84,5
DA:88,5
DA:89,10
DA:97,1
DA:101,2
DA:104,1
DA:108,1
DA:109,1
LF:38
LH:35
end_of_record
SF:lib\shared\controllers\user_transaction_notifier.dart
DA:5,12
DA:6,8
LF:2
LH:2
end_of_record
SF:lib\modules\sucess\sucess_page.dart
DA:12,33
DA:15,2
DA:17,2
DA:18,2
DA:21,1
DA:22,4
DA:23,4
DA:24,4
DA:25,1
DA:33,1
DA:37,2
DA:38,2
DA:40,2
DA:41,2
DA:43,2
DA:45,2
DA:50,6
DA:51,2
DA:52,2
DA:53,2
DA:54,4
DA:60,2
DA:61,4
LF:23
LH:23
end_of_record
SF:lib\modules\wallet\views\wallet_page.dart
DA:7,33
DA:9,3
DA:11,3
DA:13,3
LF:4
LH:4
end_of_record
SF:lib\modules\transactions\views\transactions_page.dart
DA:9,33
DA:12,2
DA:14,2
DA:15,2
DA:16,2
DA:22,2
DA:24,2
DA:25,2
DA:26,4
DA:43,2
LF:10
LH:10
end_of_record
SF:lib\shared\widgets\bottom_nav_bar.dart
DA:13,4
DA:18,4
DA:20,2
DA:22,2
DA:23,1
DA:28,1
DA:29,1
DA:37,8
DA:38,4
DA:42,2
DA:43,8
DA:44,2
DA:46,4
DA:47,4
DA:53,8
DA:55,4
DA:61,8
LF:17
LH:17
end_of_record
SF:lib\modules\transactions\widgets\list_view_transactions.dart
DA:11,33
DA:15,3
DA:17,3
DA:21,3
DA:23,3
DA:24,3
DA:27,3
DA:29,9
DA:30,3
DA:32,3
DA:33,0
DA:34,0
DA:36,0
DA:38,0
DA:43,0
LF:15
LH:10
end_of_record
SF:lib\modules\transactions\widgets\list_tile_transactions.dart
DA:11,1
DA:15,1
DA:17,1
DA:20,5
DA:21,1
DA:22,2
DA:23,2
DA:24,2
DA:25,2
DA:26,2
DA:27,2
DA:28,2
DA:29,2
DA:31,1
DA:32,1
DA:33,1
DA:35,1
DA:36,1
DA:43,1
DA:47,1
DA:48,2
DA:52,1
DA:53,1
DA:56,1
DA:58,1
DA:59,1
DA:62,1
DA:63,1
DA:64,1
DA:65,2
DA:69,1
DA:70,1
DA:74,1
DA:76,1
DA:80,1
DA:81,2
LF:36
LH:36
end_of_record
SF:lib\modules\transactions\widgets\transaction_modal_details.dart
DA:6,2
DA:10,2
DA:15,2
DA:17,2
DA:22,2
DA:23,2
DA:24,2
DA:25,2
DA:26,2
DA:29,2
DA:30,2
DA:32,4
DA:33,2
DA:34,2
DA:35,2
LF:15
LH:15
end_of_record
SF:lib\modules\transactions\widgets\transaction_modal_details_body.dart
DA:6,2
DA:10,2
DA:15,2
DA:17,2
DA:18,2
DA:19,2
DA:21,2
DA:22,2
DA:23,2
DA:24,8
DA:28,2
DA:29,2
DA:30,8
LF:13
LH:13
end_of_record
SF:lib\modules\transactions\widgets\transaction_modal_details_header.dart
DA:7,2
DA:10,2
DA:14,2
DA:16,2
DA:18,2
DA:19,2
DA:20,4
DA:25,2
DA:26,4
DA:34,2
DA:35,2
LF:11
LH:11
end_of_record
SF:lib\modules\wallet\repositories\crypto_data_repository_provider.dart
DA:6,0
DA:7,0
DA:8,0
DA:9,0
LF:4
LH:0
end_of_record
SF:lib\modules\wallet\views\wallet_screen.dart
DA:11,33
DA:13,0
DA:15,4
DA:17,4
DA:18,8
DA:19,4
DA:20,4
DA:21,8
DA:22,4
DA:23,4
DA:24,4
DA:26,4
DA:28,4
DA:30,4
DA:31,4
DA:32,4
DA:33,4
DA:38,0
DA:39,0
DA:42,4
LF:20
LH:17
end_of_record
SF:lib\modules\wallet\widgets\crypto_list_view.dart
DA:13,4
DA:17,4
DA:19,8
DA:20,4
DA:21,4
DA:22,4
DA:23,4
DA:24,4
DA:29,4
DA:30,4
DA:31,4
DA:32,4
DA:33,4
DA:35,12
DA:42,0
DA:43,0
DA:46,4
LF:17
LH:15
end_of_record
SF:lib\modules\wallet\widgets\header.dart
DA:11,5
DA:15,5
DA:16,5
DA:23,5
DA:24,15
DA:25,15
DA:26,10
DA:28,15
DA:31,5
DA:33,15
DA:34,5
DA:37,5
DA:38,5
DA:40,5
DA:41,5
DA:42,5
DA:44,5
DA:45,5
DA:47,5
DA:48,5
DA:49,10
DA:52,5
DA:54,1
DA:55,5
DA:57,2
DA:59,5
DA:68,5
DA:69,5
DA:74,5
DA:76,5
DA:81,5
DA:82,5
DA:83,5
DA:84,10
LF:34
LH:34
end_of_record
SF:lib\modules\wallet\widgets\crypto_list_tile.dart
DA:14,5
DA:19,5
DA:21,5
DA:22,20
DA:23,10
DA:24,15
DA:26,1
DA:27,2
DA:29,1
DA:30,1
DA:32,1
DA:37,5
DA:38,0
DA:39,0
DA:42,5
DA:44,10
DA:47,5
DA:49,15
DA:52,5
DA:56,15
DA:58,5
DA:61,5
DA:62,5
DA:65,5
DA:66,5
DA:69,10
DA:70,5
DA:73,5
DA:77,5
DA:79,5
DA:82,5
DA:83,5
DA:90,5
DA:92,5
DA:93,1
DA:94,1
LF:36
LH:34
end_of_record
SF:lib\shared\controllers\providers.dart
DA:3,12
DA:4,4
LF:2
LH:2
end_of_record
SF:lib\shared\widgets\default_page_route.dart
DA:6,3
DA:7,3
DA:9,3
DA:12,3
DA:15,3
DA:16,3
DA:19,3
LF:7
LH:7
end_of_record
